<?xml version="1.0" encoding="UTF-8" ?>
<testsuite errors="0" failures="0" hostname="TRIVAN" name="test.trip.planer2.TripTests" tests="1" time="0.165" timestamp="2013-05-27T05:01:02">
  <properties />
  <testcase classname="test.trip.planer2.TripTests" name="testSomething" time="0.053" />
  <system-out><![CDATA[--Output from testSomething--
]]></system-out>
  <system-err><![CDATA[--Output from testSomething--
]]></system-err>
</testsuite>
