<?xml version="1.0" encoding="UTF-8" ?>
<testsuite errors="0" failures="0" hostname="TRIVAN" name="test.trip.planer2.AirlineTests" tests="1" time="0.174" timestamp="2013-05-27T05:00:57">
  <properties />
  <testcase classname="test.trip.planer2.AirlineTests" name="testSomething" time="0.057" />
  <system-out><![CDATA[--Output from testSomething--
]]></system-out>
  <system-err><![CDATA[--Output from testSomething--
]]></system-err>
</testsuite>
